# JRE version: Java(TM) SE Runtime Environment (8.0_151-b12) (build 1.8.0_151-b12)
# Java VM: Java HotSpot(TM) 64-Bit Server VM (25.151-b12 mixed mode windows-amd64 compressed oops)
Heap:
 PSYoungGen      total 283648K, used 75568K [0x00000000d5e00000, 0x00000000ee880000, 0x0000000100000000)
  eden space 258048K, 23% used [0x00000000d5e00000,0x00000000d99b8f70,0x00000000e5a00000)
  from space 25600K, 56% used [0x00000000e5a00000,0x00000000e6813460,0x00000000e7300000)
  to   space 25088K, 0% used [0x00000000ed000000,0x00000000ed000000,0x00000000ee880000)
 ParOldGen       total 96256K, used 41562K [0x0000000081a00000, 0x0000000087800000, 0x00000000d5e00000)
  object space 96256K, 43% used [0x0000000081a00000,0x0000000084296a90,0x0000000087800000)
 Metaspace       used 32652K, capacity 33298K, committed 33536K, reserved 1079296K
  class space    used 3801K, capacity 4011K, committed 4096K, reserved 1048576K
GC Heap History (10 events):
Event: 10.923 GC heap before
{Heap before GC invocations=6 (full 0):
 PSYoungGen      total 71680K, used 71648K [0x00000000d5e00000, 0x00000000dfa00000, 0x0000000100000000)
  eden space 66560K, 100% used [0x00000000d5e00000,0x00000000d9f00000,0x00000000d9f00000)
  from space 5120K, 99% used [0x00000000d9f00000,0x00000000da3f8020,0x00000000da400000)
  to   space 13312K, 0% used [0x00000000ded00000,0x00000000ded00000,0x00000000dfa00000)
 ParOldGen       total 87552K, used 16170K [0x0000000081a00000, 0x0000000086f80000, 0x00000000d5e00000)
  object space 87552K, 18% used [0x0000000081a00000,0x00000000829cab88,0x0000000086f80000)
 Metaspace       used 16110K, capacity 16452K, committed 16640K, reserved 1064960K
  class space    used 1889K, capacity 1984K, committed 2048K, reserved 1048576K
Event: 10.972 GC heap after
Heap after GC invocations=6 (full 0):
 PSYoungGen      total 145408K, used 11520K [0x00000000d5e00000, 0x00000000dfc00000, 0x0000000100000000)
  eden space 132096K, 0% used [0x00000000d5e00000,0x00000000d5e00000,0x00000000ddf00000)
  from space 13312K, 86% used [0x00000000ded00000,0x00000000df840000,0x00000000dfa00000)
  to   space 14336K, 0% used [0x00000000ddf00000,0x00000000ddf00000,0x00000000ded00000)
 ParOldGen       total 87552K, used 16178K [0x0000000081a00000, 0x0000000086f80000, 0x00000000d5e00000)
  object space 87552K, 18% used [0x0000000081a00000,0x00000000829ccb88,0x0000000086f80000)
 Metaspace       used 16110K, capacity 16452K, committed 16640K, reserved 1064960K
  class space    used 1889K, capacity 1984K, committed 2048K, reserved 1048576K
}
Event: 12.620 GC heap before
{Heap before GC invocations=7 (full 0):
 PSYoungGen      total 145408K, used 143616K [0x00000000d5e00000, 0x00000000dfc00000, 0x0000000100000000)
  eden space 132096K, 100% used [0x00000000d5e00000,0x00000000ddf00000,0x00000000ddf00000)
  from space 13312K, 86% used [0x00000000ded00000,0x00000000df840000,0x00000000dfa00000)
  to   space 14336K, 0% used [0x00000000ddf00000,0x00000000ddf00000,0x00000000ded00000)
 ParOldGen       total 87552K, used 16178K [0x0000000081a00000, 0x0000000086f80000, 0x00000000d5e00000)
  object space 87552K, 18% used [0x0000000081a00000,0x00000000829ccb88,0x0000000086f80000)
 Metaspace       used 17210K, capacity 17652K, committed 17792K, reserved 1064960K
  class space    used 1992K, capacity 2128K, committed 2176K, reserved 1048576K
Event: 12.666 GC heap after
Heap after GC invocations=7 (full 0):
 PSYoungGen      total 146432K, used 14336K [0x00000000d5e00000, 0x00000000e8600000, 0x0000000100000000)
  eden space 132096K, 0% used [0x00000000d5e00000,0x00000000d5e00000,0x00000000ddf00000)
  from space 14336K, 100% used [0x00000000ddf00000,0x00000000ded00000,0x00000000ded00000)
  to   space 19456K, 0% used [0x00000000e7300000,0x00000000e7300000,0x00000000e8600000)
 ParOldGen       total 87552K, used 21897K [0x0000000081a00000, 0x0000000086f80000, 0x00000000d5e00000)
  object space 87552K, 25% used [0x0000000081a00000,0x0000000082f62780,0x0000000086f80000)
 Metaspace       used 17210K, capacity 17652K, committed 17792K, reserved 1064960K
  class space    used 1992K, capacity 2128K, committed 2176K, reserved 1048576K
}
Event: 15.270 GC heap before
{Heap before GC invocations=8 (full 0):
 PSYoungGen      total 146432K, used 128189K [0x00000000d5e00000, 0x00000000e8600000, 0x0000000100000000)
  eden space 132096K, 86% used [0x00000000d5e00000,0x00000000dcd2f770,0x00000000ddf00000)
  from space 14336K, 100% used [0x00000000ddf00000,0x00000000ded00000,0x00000000ded00000)
  to   space 19456K, 0% used [0x00000000e7300000,0x00000000e7300000,0x00000000e8600000)
 ParOldGen       total 87552K, used 21897K [0x0000000081a00000, 0x0000000086f80000, 0x00000000d5e00000)
  object space 87552K, 25% used [0x0000000081a00000,0x0000000082f62780,0x0000000086f80000)
 Metaspace       used 20671K, capacity 21180K, committed 21248K, reserved 1069056K
  class space    used 2381K, capacity 2534K, committed 2560K, reserved 1048576K
Event: 15.320 GC heap after
Heap after GC invocations=8 (full 0):
 PSYoungGen      total 277504K, used 19430K [0x00000000d5e00000, 0x00000000e9200000, 0x0000000100000000)
  eden space 258048K, 0% used [0x00000000d5e00000,0x00000000d5e00000,0x00000000e5a00000)
  from space 19456K, 99% used [0x00000000e7300000,0x00000000e85f99a8,0x00000000e8600000)
  to   space 25600K, 0% used [0x00000000e5a00000,0x00000000e5a00000,0x00000000e7300000)
 ParOldGen       total 87552K, used 29746K [0x0000000081a00000, 0x0000000086f80000, 0x00000000d5e00000)
  object space 87552K, 33% used [0x0000000081a00000,0x000000008370ca08,0x0000000086f80000)
 Metaspace       used 20671K, capacity 21180K, committed 21248K, reserved 1069056K
  class space    used 2381K, capacity 2534K, committed 2560K, reserved 1048576K
}
Event: 15.320 GC heap before
{Heap before GC invocations=9 (full 1):
 PSYoungGen      total 277504K, used 19430K [0x00000000d5e00000, 0x00000000e9200000, 0x0000000100000000)
  eden space 258048K, 0% used [0x00000000d5e00000,0x00000000d5e00000,0x00000000e5a00000)
  from space 19456K, 99% used [0x00000000e7300000,0x00000000e85f99a8,0x00000000e8600000)
  to   space 25600K, 0% used [0x00000000e5a00000,0x00000000e5a00000,0x00000000e7300000)
 ParOldGen       total 87552K, used 29746K [0x0000000081a00000, 0x0000000086f80000, 0x00000000d5e00000)
  object space 87552K, 33% used [0x0000000081a00000,0x000000008370ca08,0x0000000086f80000)
 Metaspace       used 20671K, capacity 21180K, committed 21248K, reserved 1069056K
  class space    used 2381K, capacity 2534K, committed 2560K, reserved 1048576K
Event: 15.547 GC heap after
Heap after GC invocations=9 (full 1):
 PSYoungGen      total 277504K, used 0K [0x00000000d5e00000, 0x00000000e9200000, 0x0000000100000000)
  eden space 258048K, 0% used [0x00000000d5e00000,0x00000000d5e00000,0x00000000e5a00000)
  from space 19456K, 0% used [0x00000000e7300000,0x00000000e7300000,0x00000000e8600000)
  to   space 25600K, 0% used [0x00000000e5a00000,0x00000000e5a00000,0x00000000e7300000)
 ParOldGen       total 96256K, used 41546K [0x0000000081a00000, 0x0000000087800000, 0x00000000d5e00000)
  object space 96256K, 43% used [0x0000000081a00000,0x0000000084292a90,0x0000000087800000)
 Metaspace       used 20671K, capacity 21180K, committed 21248K, reserved 1069056K
  class space    used 2381K, capacity 2534K, committed 2560K, reserved 1048576K
}
Event: 22.420 GC heap before
{Heap before GC invocations=10 (full 1):
 PSYoungGen      total 277504K, used 258048K [0x00000000d5e00000, 0x00000000e9200000, 0x0000000100000000)
  eden space 258048K, 100% used [0x00000000d5e00000,0x00000000e5a00000,0x00000000e5a00000)
  from space 19456K, 0% used [0x00000000e7300000,0x00000000e7300000,0x00000000e8600000)
  to   space 25600K, 0% used [0x00000000e5a00000,0x00000000e5a00000,0x00000000e7300000)
 ParOldGen       total 96256K, used 41546K [0x0000000081a00000, 0x0000000087800000, 0x00000000d5e00000)
  object space 96256K, 43% used [0x0000000081a00000,0x0000000084292a90,0x0000000087800000)
 Metaspace       used 32613K, capacity 33234K, committed 33536K, reserved 1079296K
  class space    used 3795K, capacity 4011K, committed 4096K, reserved 1048576K
Event: 22.470 GC heap after
Heap after GC invocations=10 (full 1):
 PSYoungGen      total 283648K, used 14413K [0x00000000d5e00000, 0x00000000ee880000, 0x0000000100000000)
  eden space 258048K, 0% used [0x00000000d5e00000,0x00000000d5e00000,0x00000000e5a00000)
  from space 25600K, 56% used [0x00000000e5a00000,0x00000000e6813460,0x00000000e7300000)
  to   space 25088K, 0% used [0x00000000ed000000,0x00000000ed000000,0x00000000ee880000)
 ParOldGen       total 96256K, used 41562K [0x0000000081a00000, 0x0000000087800000, 0x00000000d5e00000)
  object space 96256K, 43% used [0x0000000081a00000,0x0000000084296a90,0x0000000087800000)
 Metaspace       used 32613K, capacity 33234K, committed 33536K, reserved 1079296K
  class space    used 3795K, capacity 4011K, committed 4096K, reserved 1048576K
}

