# JRE version: Java(TM) SE Runtime Environment (8.0_151-b12) (build 1.8.0_151-b12)
# Java VM: Java HotSpot(TM) 64-Bit Server VM (25.151-b12 mixed mode windows-amd64 compressed oops)
Heap:
 PSYoungGen      total 284672K, used 198141K [0x00000000d5e00000, 0x00000000ecf00000, 0x0000000100000000)
  eden space 258560K, 71% used [0x00000000d5e00000,0x00000000e11bb268,0x00000000e5a80000)
  from space 26112K, 53% used [0x00000000e5a80000,0x00000000e6844560,0x00000000e7400000)
  to   space 25088K, 0% used [0x00000000eb680000,0x00000000eb680000,0x00000000ecf00000)
 ParOldGen       total 103424K, used 42665K [0x0000000081a00000, 0x0000000087f00000, 0x00000000d5e00000)
  object space 103424K, 41% used [0x0000000081a00000,0x00000000843aa540,0x0000000087f00000)
 Metaspace       used 34207K, capacity 35016K, committed 35200K, reserved 1081344K
  class space    used 4012K, capacity 4212K, committed 4224K, reserved 1048576K
GC Heap History (10 events):
Event: 15.415 GC heap before
{Heap before GC invocations=6 (full 0):
 PSYoungGen      total 71680K, used 71664K [0x00000000d5e00000, 0x00000000dfb00000, 0x0000000100000000)
  eden space 66560K, 100% used [0x00000000d5e00000,0x00000000d9f00000,0x00000000d9f00000)
  from space 5120K, 99% used [0x00000000d9f00000,0x00000000da3fc010,0x00000000da400000)
  to   space 13824K, 0% used [0x00000000ded80000,0x00000000ded80000,0x00000000dfb00000)
 ParOldGen       total 87552K, used 16282K [0x0000000081a00000, 0x0000000086f80000, 0x00000000d5e00000)
  object space 87552K, 18% used [0x0000000081a00000,0x00000000829e6a80,0x0000000086f80000)
 Metaspace       used 15848K, capacity 16164K, committed 16384K, reserved 1062912K
  class space    used 1866K, capacity 1952K, committed 2048K, reserved 1048576K
Event: 15.490 GC heap after
Heap after GC invocations=6 (full 0):
 PSYoungGen      total 145920K, used 11712K [0x00000000d5e00000, 0x00000000dfd00000, 0x0000000100000000)
  eden space 132096K, 0% used [0x00000000d5e00000,0x00000000d5e00000,0x00000000ddf00000)
  from space 13824K, 84% used [0x00000000ded80000,0x00000000df8f0020,0x00000000dfb00000)
  to   space 14848K, 0% used [0x00000000ddf00000,0x00000000ddf00000,0x00000000ded80000)
 ParOldGen       total 87552K, used 16290K [0x0000000081a00000, 0x0000000086f80000, 0x00000000d5e00000)
  object space 87552K, 18% used [0x0000000081a00000,0x00000000829e8a80,0x0000000086f80000)
 Metaspace       used 15848K, capacity 16164K, committed 16384K, reserved 1062912K
  class space    used 1866K, capacity 1952K, committed 2048K, reserved 1048576K
}
Event: 46.652 GC heap before
{Heap before GC invocations=7 (full 0):
 PSYoungGen      total 145920K, used 143808K [0x00000000d5e00000, 0x00000000dfd00000, 0x0000000100000000)
  eden space 132096K, 100% used [0x00000000d5e00000,0x00000000ddf00000,0x00000000ddf00000)
  from space 13824K, 84% used [0x00000000ded80000,0x00000000df8f0020,0x00000000dfb00000)
  to   space 14848K, 0% used [0x00000000ddf00000,0x00000000ddf00000,0x00000000ded80000)
 ParOldGen       total 87552K, used 16290K [0x0000000081a00000, 0x0000000086f80000, 0x00000000d5e00000)
  object space 87552K, 18% used [0x0000000081a00000,0x00000000829e8a80,0x0000000086f80000)
 Metaspace       used 16992K, capacity 17390K, committed 17792K, reserved 1064960K
  class space    used 1967K, capacity 2059K, committed 2176K, reserved 1048576K
Event: 46.779 GC heap after
Heap after GC invocations=7 (full 0):
 PSYoungGen      total 146944K, used 14848K [0x00000000d5e00000, 0x00000000e8800000, 0x0000000100000000)
  eden space 132096K, 0% used [0x00000000d5e00000,0x00000000d5e00000,0x00000000ddf00000)
  from space 14848K, 100% used [0x00000000ddf00000,0x00000000ded80000,0x00000000ded80000)
  to   space 20480K, 0% used [0x00000000e7400000,0x00000000e7400000,0x00000000e8800000)
 ParOldGen       total 87552K, used 23109K [0x0000000081a00000, 0x0000000086f80000, 0x00000000d5e00000)
  object space 87552K, 26% used [0x0000000081a00000,0x0000000083091670,0x0000000086f80000)
 Metaspace       used 16992K, capacity 17390K, committed 17792K, reserved 1064960K
  class space    used 1967K, capacity 2059K, committed 2176K, reserved 1048576K
}
Event: 52.985 GC heap before
{Heap before GC invocations=8 (full 0):
 PSYoungGen      total 146944K, used 107637K [0x00000000d5e00000, 0x00000000e8800000, 0x0000000100000000)
  eden space 132096K, 70% used [0x00000000d5e00000,0x00000000db89d4d0,0x00000000ddf00000)
  from space 14848K, 100% used [0x00000000ddf00000,0x00000000ded80000,0x00000000ded80000)
  to   space 20480K, 0% used [0x00000000e7400000,0x00000000e7400000,0x00000000e8800000)
 ParOldGen       total 87552K, used 23109K [0x0000000081a00000, 0x0000000086f80000, 0x00000000d5e00000)
  object space 87552K, 26% used [0x0000000081a00000,0x0000000083091670,0x0000000086f80000)
 Metaspace       used 20661K, capacity 21124K, committed 21248K, reserved 1069056K
  class space    used 2372K, capacity 2494K, committed 2560K, reserved 1048576K
Event: 53.150 GC heap after
Heap after GC invocations=8 (full 0):
 PSYoungGen      total 279040K, used 20450K [0x00000000d5e00000, 0x00000000e9300000, 0x0000000100000000)
  eden space 258560K, 0% used [0x00000000d5e00000,0x00000000d5e00000,0x00000000e5a80000)
  from space 20480K, 99% used [0x00000000e7400000,0x00000000e87f8a10,0x00000000e8800000)
  to   space 26112K, 0% used [0x00000000e5a80000,0x00000000e5a80000,0x00000000e7400000)
 ParOldGen       total 87552K, used 29302K [0x0000000081a00000, 0x0000000086f80000, 0x00000000d5e00000)
  object space 87552K, 33% used [0x0000000081a00000,0x000000008369daa8,0x0000000086f80000)
 Metaspace       used 20661K, capacity 21124K, committed 21248K, reserved 1069056K
  class space    used 2372K, capacity 2494K, committed 2560K, reserved 1048576K
}
Event: 53.150 GC heap before
{Heap before GC invocations=9 (full 1):
 PSYoungGen      total 279040K, used 20450K [0x00000000d5e00000, 0x00000000e9300000, 0x0000000100000000)
  eden space 258560K, 0% used [0x00000000d5e00000,0x00000000d5e00000,0x00000000e5a80000)
  from space 20480K, 99% used [0x00000000e7400000,0x00000000e87f8a10,0x00000000e8800000)
  to   space 26112K, 0% used [0x00000000e5a80000,0x00000000e5a80000,0x00000000e7400000)
 ParOldGen       total 87552K, used 29302K [0x0000000081a00000, 0x0000000086f80000, 0x00000000d5e00000)
  object space 87552K, 33% used [0x0000000081a00000,0x000000008369daa8,0x0000000086f80000)
 Metaspace       used 20661K, capacity 21124K, committed 21248K, reserved 1069056K
  class space    used 2372K, capacity 2494K, committed 2560K, reserved 1048576K
Event: 53.992 GC heap after
Heap after GC invocations=9 (full 1):
 PSYoungGen      total 279040K, used 0K [0x00000000d5e00000, 0x00000000e9300000, 0x0000000100000000)
  eden space 258560K, 0% used [0x00000000d5e00000,0x00000000d5e00000,0x00000000e5a80000)
  from space 20480K, 0% used [0x00000000e7400000,0x00000000e7400000,0x00000000e8800000)
  to   space 26112K, 0% used [0x00000000e5a80000,0x00000000e5a80000,0x00000000e7400000)
 ParOldGen       total 103424K, used 42649K [0x0000000081a00000, 0x0000000087f00000, 0x00000000d5e00000)
  object space 103424K, 41% used [0x0000000081a00000,0x00000000843a6540,0x0000000087f00000)
 Metaspace       used 20661K, capacity 21124K, committed 21248K, reserved 1069056K
  class space    used 2372K, capacity 2494K, committed 2560K, reserved 1048576K
}
Event: 66.431 GC heap before
{Heap before GC invocations=10 (full 1):
 PSYoungGen      total 279040K, used 258560K [0x00000000d5e00000, 0x00000000e9300000, 0x0000000100000000)
  eden space 258560K, 100% used [0x00000000d5e00000,0x00000000e5a80000,0x00000000e5a80000)
  from space 20480K, 0% used [0x00000000e7400000,0x00000000e7400000,0x00000000e8800000)
  to   space 26112K, 0% used [0x00000000e5a80000,0x00000000e5a80000,0x00000000e7400000)
 ParOldGen       total 103424K, used 42649K [0x0000000081a00000, 0x0000000087f00000, 0x00000000d5e00000)
  object space 103424K, 41% used [0x0000000081a00000,0x00000000843a6540,0x0000000087f00000)
 Metaspace       used 32539K, capacity 33104K, committed 33536K, reserved 1079296K
  class space    used 3801K, capacity 3996K, committed 4096K, reserved 1048576K
Event: 66.498 GC heap after
Heap after GC invocations=10 (full 1):
 PSYoungGen      total 284672K, used 14097K [0x00000000d5e00000, 0x00000000ecf00000, 0x0000000100000000)
  eden space 258560K, 0% used [0x00000000d5e00000,0x00000000d5e00000,0x00000000e5a80000)
  from space 26112K, 53% used [0x00000000e5a80000,0x00000000e6844560,0x00000000e7400000)
  to   space 25088K, 0% used [0x00000000eb680000,0x00000000eb680000,0x00000000ecf00000)
 ParOldGen       total 103424K, used 42665K [0x0000000081a00000, 0x0000000087f00000, 0x00000000d5e00000)
  object space 103424K, 41% used [0x0000000081a00000,0x00000000843aa540,0x0000000087f00000)
 Metaspace       used 32539K, capacity 33104K, committed 33536K, reserved 1079296K
  class space    used 3801K, capacity 3996K, committed 4096K, reserved 1048576K
}

